[2026-02-22T09:03:22.797+0000] {local_task_job_runner.py:120} INFO - ::group::Pre task execution logs
[2026-02-22T09:03:22.836+0000] {taskinstance.py:2076} INFO - Dependencies all met for dep_context=non-requeueable deps ti=<TaskInstance: minio_to_snowflake_banking.load_snowflake scheduled__2026-02-22T09:01:00+00:00 [queued]>
[2026-02-22T09:03:22.846+0000] {taskinstance.py:2076} INFO - Dependencies all met for dep_context=requeueable deps ti=<TaskInstance: minio_to_snowflake_banking.load_snowflake scheduled__2026-02-22T09:01:00+00:00 [queued]>
[2026-02-22T09:03:22.848+0000] {taskinstance.py:2306} INFO - Starting attempt 2 of 2
[2026-02-22T09:03:22.864+0000] {taskinstance.py:2330} INFO - Executing <Task(PythonOperator): load_snowflake> on 2026-02-22 09:01:00+00:00
[2026-02-22T09:03:22.878+0000] {standard_task_runner.py:90} INFO - Running: ['***', 'tasks', 'run', 'minio_to_snowflake_banking', 'load_snowflake', 'scheduled__2026-02-22T09:01:00+00:00', '--job-id', '12', '--raw', '--subdir', 'DAGS_FOLDER/minio_to_snowflake_dag.py', '--cfg-path', '/tmp/tmp2g15ynib']
[2026-02-22T09:03:22.883+0000] {standard_task_runner.py:91} INFO - Job 12: Subtask load_snowflake
[2026-02-22T09:03:22.884+0000] {logging_mixin.py:188} WARNING - /home/***/.local/lib/python3.12/site-packages/***/task/task_runner/standard_task_runner.py:62 DeprecationWarning: This process (pid=1648) is multi-threaded, use of fork() may lead to deadlocks in the child.
[2026-02-22T09:03:22.886+0000] {standard_task_runner.py:64} INFO - Started process 1662 to run task
[2026-02-22T09:03:22.985+0000] {task_command.py:426} INFO - Running <TaskInstance: minio_to_snowflake_banking.load_snowflake scheduled__2026-02-22T09:01:00+00:00 [running]> on host f2d9c9e2564d
[2026-02-22T09:03:23.259+0000] {taskinstance.py:2648} INFO - Exporting env vars: AIRFLOW_CTX_DAG_OWNER='***' AIRFLOW_CTX_DAG_ID='minio_to_snowflake_banking' AIRFLOW_CTX_TASK_ID='load_snowflake' AIRFLOW_CTX_EXECUTION_DATE='2026-02-22T09:01:00+00:00' AIRFLOW_CTX_TRY_NUMBER='2' AIRFLOW_CTX_DAG_RUN_ID='scheduled__2026-02-22T09:01:00+00:00'
[2026-02-22T09:03:23.264+0000] {taskinstance.py:430} INFO - ::endgroup::
[2026-02-22T09:03:23.360+0000] {connection.py:613} INFO - Snowflake Connector for Python Version: 4.3.0, Python Version: 3.12.4, Platform: Linux-6.6.87.2-microsoft-standard-WSL2-x86_64-with-glibc2.36
[2026-02-22T09:03:23.364+0000] {connection.py:1709} INFO - Connecting to GLOBAL Snowflake domain
[2026-02-22T09:03:24.272+0000] {taskinstance.py:441} INFO - ::group::Post task execution logs
[2026-02-22T09:03:24.273+0000] {taskinstance.py:2905} ERROR - Task failed with exception
Traceback (most recent call last):
  File "/home/airflow/.local/lib/python3.12/site-packages/snowflake/connector/vendored/urllib3/util/url.py", line 423, in parse_url
    host, port = _HOST_PORT_RE.match(host_port).groups()  # type: ignore[union-attr]
                 ^^^^^^^^^^^^^^^^^^^^^^^^^^^^^^^^^^^^^
AttributeError: 'NoneType' object has no attribute 'groups'

The above exception was the direct cause of the following exception:

Traceback (most recent call last):
  File "/home/airflow/.local/lib/python3.12/site-packages/snowflake/connector/vendored/requests/models.py", line 433, in prepare_url
    scheme, auth, host, port, path, query, fragment = parse_url(url)
                                                      ^^^^^^^^^^^^^^
  File "/home/airflow/.local/lib/python3.12/site-packages/snowflake/connector/vendored/urllib3/util/url.py", line 449, in parse_url
    raise LocationParseError(source_url) from e
snowflake.connector.vendored.urllib3.exceptions.LocationParseError: Failed to parse: https://LEWISB12237::https://jd28428.eu-west-3.aws.snowflakecomputing.com:443/session/v1/login-request?request_id=4c0437cd-5c43-4897-a26c-7d8ba665fcba&databaseName=banking&schemaName=raw&warehouse=COMPUTE_WH

During handling of the above exception, another exception occurred:

Traceback (most recent call last):
  File "/home/airflow/.local/lib/python3.12/site-packages/snowflake/connector/network.py", line 1109, in _request_exec
    raw_ret = session.request(
              ^^^^^^^^^^^^^^^^
  File "/home/airflow/.local/lib/python3.12/site-packages/snowflake/connector/vendored/requests/sessions.py", line 575, in request
    prep = self.prepare_request(req)
           ^^^^^^^^^^^^^^^^^^^^^^^^^
  File "/home/airflow/.local/lib/python3.12/site-packages/snowflake/connector/vendored/requests/sessions.py", line 484, in prepare_request
    p.prepare(
  File "/home/airflow/.local/lib/python3.12/site-packages/snowflake/connector/vendored/requests/models.py", line 367, in prepare
    self.prepare_url(url, params)
  File "/home/airflow/.local/lib/python3.12/site-packages/snowflake/connector/vendored/requests/models.py", line 435, in prepare_url
    raise InvalidURL(*e.args)
snowflake.connector.vendored.requests.exceptions.InvalidURL: Failed to parse: https://LEWISB12237::https://jd28428.eu-west-3.aws.snowflakecomputing.com:443/session/v1/login-request?request_id=4c0437cd-5c43-4897-a26c-7d8ba665fcba&databaseName=banking&schemaName=raw&warehouse=COMPUTE_WH

During handling of the above exception, another exception occurred:

Traceback (most recent call last):
  File "/home/airflow/.local/lib/python3.12/site-packages/snowflake/connector/vendored/urllib3/util/url.py", line 423, in parse_url
    host, port = _HOST_PORT_RE.match(host_port).groups()  # type: ignore[union-attr]
                 ^^^^^^^^^^^^^^^^^^^^^^^^^^^^^^^^^^^^^
AttributeError: 'NoneType' object has no attribute 'groups'

The above exception was the direct cause of the following exception:

Traceback (most recent call last):
  File "/home/airflow/.local/lib/python3.12/site-packages/airflow/models/taskinstance.py", line 465, in _execute_task
    result = _execute_callable(context=context, **execute_callable_kwargs)
             ^^^^^^^^^^^^^^^^^^^^^^^^^^^^^^^^^^^^^^^^^^^^^^^^^^^^^^^^^^^^^
  File "/home/airflow/.local/lib/python3.12/site-packages/airflow/models/taskinstance.py", line 432, in _execute_callable
    return execute_callable(context=context, **execute_callable_kwargs)
           ^^^^^^^^^^^^^^^^^^^^^^^^^^^^^^^^^^^^^^^^^^^^^^^^^^^^^^^^^^^^
  File "/home/airflow/.local/lib/python3.12/site-packages/airflow/models/baseoperator.py", line 401, in wrapper
    return func(self, *args, **kwargs)
           ^^^^^^^^^^^^^^^^^^^^^^^^^^^
  File "/home/airflow/.local/lib/python3.12/site-packages/airflow/operators/python.py", line 235, in execute
    return_value = self.execute_callable()
                   ^^^^^^^^^^^^^^^^^^^^^^^
  File "/home/airflow/.local/lib/python3.12/site-packages/airflow/operators/python.py", line 252, in execute_callable
    return self.python_callable(*self.op_args, **self.op_kwargs)
           ^^^^^^^^^^^^^^^^^^^^^^^^^^^^^^^^^^^^^^^^^^^^^^^^^^^^^
  File "/opt/airflow/dags/minio_to_snowflake_dag.py", line 58, in load_to_snowflake
    conn = snowflake.connector.connect(
           ^^^^^^^^^^^^^^^^^^^^^^^^^^^^
  File "/home/airflow/.local/lib/python3.12/site-packages/snowflake/connector/__init__.py", line 64, in Connect
    return SnowflakeConnection(**kwargs)
           ^^^^^^^^^^^^^^^^^^^^^^^^^^^^^
  File "/home/airflow/.local/lib/python3.12/site-packages/snowflake/connector/connection.py", line 681, in __init__
    self.connect(**kwargs)
  File "/home/airflow/.local/lib/python3.12/site-packages/snowflake/connector/connection.py", line 1177, in connect
    self.__open_connection()
  File "/home/airflow/.local/lib/python3.12/site-packages/snowflake/connector/connection.py", line 1616, in __open_connection
    self.authenticate_with_retry(self.auth_class)
  File "/home/airflow/.local/lib/python3.12/site-packages/snowflake/connector/connection.py", line 1952, in authenticate_with_retry
    self._authenticate(auth_instance)
  File "/home/airflow/.local/lib/python3.12/site-packages/snowflake/connector/connection.py", line 1984, in _authenticate
    auth.authenticate(
  File "/home/airflow/.local/lib/python3.12/site-packages/snowflake/connector/auth/_auth.py", line 273, in authenticate
    ret = self._rest._post_request(
          ^^^^^^^^^^^^^^^^^^^^^^^^^
  File "/home/airflow/.local/lib/python3.12/site-packages/snowflake/connector/network.py", line 754, in _post_request
    ret = self.fetch(
          ^^^^^^^^^^^
  File "/home/airflow/.local/lib/python3.12/site-packages/snowflake/connector/network.py", line 873, in fetch
    ret = self._request_exec_wrapper(
          ^^^^^^^^^^^^^^^^^^^^^^^^^^^
  File "/home/airflow/.local/lib/python3.12/site-packages/snowflake/connector/network.py", line 1014, in _request_exec_wrapper
    raise e
  File "/home/airflow/.local/lib/python3.12/site-packages/snowflake/connector/network.py", line 924, in _request_exec_wrapper
    return_object = self._request_exec(
                    ^^^^^^^^^^^^^^^^^^^
  File "/home/airflow/.local/lib/python3.12/site-packages/snowflake/connector/network.py", line 1203, in _request_exec
    if is_login_request(full_url):
       ^^^^^^^^^^^^^^^^^^^^^^^^^^
  File "/home/airflow/.local/lib/python3.12/site-packages/snowflake/connector/network.py", line 245, in is_login_request
    return "login-request" in parse_url(url).path
                              ^^^^^^^^^^^^^^
  File "/home/airflow/.local/lib/python3.12/site-packages/snowflake/connector/vendored/urllib3/util/url.py", line 449, in parse_url
    raise LocationParseError(source_url) from e
snowflake.connector.vendored.urllib3.exceptions.LocationParseError: Failed to parse: https://LEWISB12237::https://jd28428.eu-west-3.aws.snowflakecomputing.com:443/session/v1/login-request?request_id=4c0437cd-5c43-4897-a26c-7d8ba665fcba&databaseName=banking&schemaName=raw&warehouse=COMPUTE_WH
[2026-02-22T09:03:24.293+0000] {taskinstance.py:1206} INFO - Marking task as FAILED. dag_id=minio_to_snowflake_banking, task_id=load_snowflake, run_id=scheduled__2026-02-22T09:01:00+00:00, execution_date=20260222T090100, start_date=20260222T090322, end_date=20260222T090324
[2026-02-22T09:03:24.304+0000] {standard_task_runner.py:110} ERROR - Failed to execute job 12 for task load_snowflake (Failed to parse: https://LEWISB12237::https://jd28428.eu-west-3.aws.snowflakecomputing.com:443/session/v1/login-request?request_id=4c0437cd-5c43-4897-a26c-7d8ba665fcba&databaseName=banking&schemaName=raw&warehouse=COMPUTE_WH; 1662)
[2026-02-22T09:03:24.349+0000] {local_task_job_runner.py:243} INFO - Task exited with return code 1
[2026-02-22T09:03:24.389+0000] {taskinstance.py:3503} INFO - 0 downstream tasks scheduled from follow-on schedule check
[2026-02-22T09:03:24.392+0000] {local_task_job_runner.py:222} INFO - ::endgroup::
